#
# An unexpected error has been detected by Java Runtime Environment:
#
#  Internal Error (classFileParser.cpp:2923), pid=5504, tid=1072
#  Error: ShouldNotReachHere()
#
# Java VM: Java HotSpot(TM) Client VM (11.3-b02 mixed mode windows-x86)
# If you would like to submit a bug report, please visit:
#   http://java.sun.com/webapps/bugreport/crash.jsp
#

---------------  T H R E A D  ---------------

Current thread (0x00369400):  JavaThread "Unknown thread" [_thread_in_vm, id=1072, stack(0x00370000,0x003c0000)]

Stack: [0x00370000,0x003c0000]
[error occurred during error reporting (printing stack bounds), id 0xc0000005]


---------------  P R O C E S S  ---------------

Java Threads: ( => current thread )

Other Threads:

=>0x00369400 (exited) JavaThread "Unknown thread" [_thread_in_vm, id=1072, stack(0x00370000,0x003c0000)]

VM state:not at safepoint (not fully initialized)

VM Mutex/Monitor currently owned by a thread: None

Dynamic libraries:
0x00400000 - 0x00424000 	D:\Program Files\Genuitec\Common\binary\com.sun.java.jdk.win32.x86_1.6.0.013\bin\javaw.exe
0x77ad0000 - 0x77c0c000 	C:\Windows\SYSTEM32\ntdll.dll
0x76a10000 - 0x76ae4000 	C:\Windows\system32\kernel32.dll
0x75bb0000 - 0x75bfb000 	C:\Windows\system32\KERNELBASE.dll
0x767e0000 - 0x76880000 	C:\Windows\system32\ADVAPI32.dll
0x75f80000 - 0x7602c000 	C:\Windows\system32\msvcrt.dll
0x768b0000 - 0x768c9000 	C:\Windows\SYSTEM32\sechost.dll
0x764c0000 - 0x76561000 	C:\Windows\system32\RPCRT4.dll
0x763e0000 - 0x764a9000 	C:\Windows\system32\USER32.dll
0x77c20000 - 0x77c6e000 	C:\Windows\system32\GDI32.dll
0x77c10000 - 0x77c1a000 	C:\Windows\system32\LPK.dll
0x76030000 - 0x760cd000 	C:\Windows\system32\USP10.dll
0x75f60000 - 0x75f7f000 	C:\Windows\system32\IMM32.DLL
0x766b0000 - 0x7677c000 	C:\Windows\system32\MSCTF.dll
0x7c340000 - 0x7c396000 	D:\Program Files\Genuitec\Common\binary\com.sun.java.jdk.win32.x86_1.6.0.013\jre\bin\msvcr71.dll
0x6d8b0000 - 0x6db06000 	D:\Program Files\Genuitec\Common\binary\com.sun.java.jdk.win32.x86_1.6.0.013\jre\bin\client\jvm.dll
0x75c30000 - 0x75c62000 	C:\Windows\system32\WINMM.dll
0x75800000 - 0x7584b000 	C:\Windows\system32\apphelp.dll
0x6d340000 - 0x6d348000 	D:\Program Files\Genuitec\Common\binary\com.sun.java.jdk.win32.x86_1.6.0.013\jre\bin\hpi.dll
0x76110000 - 0x76115000 	C:\Windows\system32\PSAPI.DLL
0x6d860000 - 0x6d86c000 	D:\Program Files\Genuitec\Common\binary\com.sun.java.jdk.win32.x86_1.6.0.013\jre\bin\verify.dll
0x6d3e0000 - 0x6d3ff000 	D:\Program Files\Genuitec\Common\binary\com.sun.java.jdk.win32.x86_1.6.0.013\jre\bin\java.dll
0x6d8a0000 - 0x6d8af000 	D:\Program Files\Genuitec\Common\binary\com.sun.java.jdk.win32.x86_1.6.0.013\jre\bin\zip.dll

VM Arguments:
jvm_args: -Dfile.encoding=utf-8 -Xbootclasspath:E:\devtools\android\android-sdk_r12-windows\platforms\android-8\android.jar 
java_command: net.vxinwen.util.TimestampUtil
Launcher Type: SUN_STANDARD

Environment Variables:
JAVA_HOME=D:\Program Files\Genuitec\Common\binary\com.sun.java.jdk.win32.x86_1.6.0.013
CLASSPATH=.;C:\Program Files\QuickTime\QTSystem\QTJava.zip
PATH=C:/Program Files/Java/jre7/bin/client;C:/Program Files/Java/jre7/bin;C:/Program Files/Java/jre7/lib/i386;d:\Ruby193\bin;C:\Program Files\Common Files\NetSarang;C:\Windows\system32;C:\Windows;C:\Windows\System32\Wbem;C:\Windows\System32\WindowsPowerShell\v1.0\;C:\Program Files\Intel\WiFi\bin\;C:\Program Files\Common Files\Intel\WirelessCommon\;d:\Program Files\eTextEditor\cmd;D:\Program Files\TortoiseSVN\bin;D:\Program Files\Genuitec\Common\binary\com.sun.java.jdk.win32.x86_1.6.0.013\bin;C:\Program Files\Common Files\Ulead Systems\MPEG;C:\Program Files\QuickTime\QTSystem\;D:\ant-1.7.1\bin;d:\Program Files\Git\cmd;E:\devtools\android\android-sdk_r12-windows\tools;E:\devtools\android\android-sdk_r12-windows\platform-tools;;D:\eclipse-3.6;
USERNAME=Administrator
OS=Windows_NT
PROCESSOR_IDENTIFIER=x86 Family 6 Model 37 Stepping 2, GenuineIntel



---------------  S Y S T E M  ---------------

OS: Windows NT 6.1 Build 7600 

CPU:total 2 (8 cores per cpu, 2 threads per core) family 6 model 5 stepping 2, cmov, cx8, fxsr, mmx, sse, sse2, sse3, ssse3, ht

Memory: 4k page, physical 2097151k(1523584k free), swap 4194303k(4194303k free)

vm_info: Java HotSpot(TM) Client VM (11.3-b02) for windows-x86 JRE (1.6.0_13-b03), built on Mar  9 2009 01:15:24 by "java_re" with MS VC++ 7.1

time: Wed Jan 23 11:19:08 2013
elapsed time: 0 seconds

